Using pre-set license
Built from '2020.3/staging' branch; Version is '2020.3.4f1 (0abb6314276a) revision 703331'; Using compiler version '192528614'; Build Type 'Release'
OS: 'Windows 10 Home; OS build 19042.928; Version 2009; 64bit' Language: 'pt' Physical Memory: 16335 MB
BatchMode: 1, IsHumanControllingUs: 0, StartBugReporterOnCrash: 0, Is64bit: 1, IsPro: 0

 COMMAND LINE ARGUMENTS:
D:\Unity\UnityHub\2020.3.4f1\Editor\Unity.exe
-adb2
-batchMode
-noUpm
-name
AssetImportWorker1
-projectPath
C:/Users/inesp/Documents/GitHub/GPProject1/GP_Project1
-logFile
Logs/AssetImportWorker1.log
-srvPort
50181
Successfully changed project path to: C:/Users/inesp/Documents/GitHub/GPProject1/GP_Project1
C:/Users/inesp/Documents/GitHub/GPProject1/GP_Project1
Using Asset Import Pipeline V2.
Refreshing native plugins compatible for Editor in 125.01 ms, found 1 plugins.
Preloading 0 native plugins for Editor in 0.00 ms.
Initialize engine version: 2020.3.4f1 (0abb6314276a)
[Subsystems] Discovering subsystems at path D:/Unity/UnityHub/2020.3.4f1/Editor/Data/Resources/UnitySubsystems
[Subsystems] Discovering subsystems at path C:/Users/inesp/Documents/GitHub/GPProject1/GP_Project1/Assets
GfxDevice: creating device client; threaded=0
Direct3D:
    Version:  Direct3D 11.0 [level 11.1]
    Renderer: NVIDIA GeForce GTX 1060 with Max-Q Design (ID=0x1c60)
    Vendor:   
    VRAM:     6052 MB
    Driver:   27.21.14.5763
Initialize mono
Mono path[0] = 'D:/Unity/UnityHub/2020.3.4f1/Editor/Data/Managed'
Mono path[1] = 'D:/Unity/UnityHub/2020.3.4f1/Editor/Data/MonoBleedingEdge/lib/mono/unityjit'
Mono config path = 'D:/Unity/UnityHub/2020.3.4f1/Editor/Data/MonoBleedingEdge/etc'
Using monoOptions --debugger-agent=transport=dt_socket,embedding=1,server=y,suspend=n,address=127.0.0.1:56380
Begin MonoManager ReloadAssembly
Registering precompiled unity dll's ...
Register platform support module: D:/Unity/UnityHub/2020.3.4f1/Editor/Data/PlaybackEngines/WindowsStandaloneSupport/UnityEditor.WindowsStandalone.Extensions.dll
Registered in 0.002713 seconds.
Native extension for WindowsStandalone target not found
Refreshing native plugins compatible for Editor in 104.22 ms, found 1 plugins.
Preloading 0 native plugins for Editor in 0.00 ms.
Mono: successfully reloaded assembly
- Completed reload, in  4.556 seconds
Platform modules already initialized, skipping
Registering precompiled user dll's ...
Registered in 0.001373 seconds.
Begin MonoManager ReloadAssembly
Native extension for WindowsStandalone target not found
Refreshing native plugins compatible for Editor in 54.11 ms, found 1 plugins.
Preloading 0 native plugins for Editor in 0.00 ms.
Mono: successfully reloaded assembly
- Completed reload, in  3.410 seconds
Platform modules already initialized, skipping
========================================================================
Worker process is ready to serve import requests
Launched and connected shader compiler UnityShaderCompiler.exe after 0.09 seconds
Refreshing native plugins compatible for Editor in 0.51 ms, found 1 plugins.
Preloading 0 native plugins for Editor in 0.00 ms.
Unloading 2116 Unused Serialized files (Serialized files now loaded: 0)
System memory in use before: 95.9 MB.
System memory in use after: 96.0 MB.

Unloading 21 unused Assets to reduce memory usage. Loaded Objects now: 2566.
Total: 2.947900 ms (FindLiveObjects: 0.305100 ms CreateObjectMapping: 0.109700 ms MarkObjects: 2.442100 ms  DeleteObjects: 0.089700 ms)

========================================================================
Received Import Request.
  path: Assets/Scripts/VisualsBehaviour.cs
  artifactKey: Guid(4c227455b82ee0146b83626efd3c2938) Importer(815301076,1909f56bfc062723c751e8b465ee728b)
Start importing Assets/Scripts/VisualsBehaviour.cs using Guid(4c227455b82ee0146b83626efd3c2938) Importer(815301076,1909f56bfc062723c751e8b465ee728b)  -> (artifact id: '9a2f44a9edd63899443e6a6cb41c96f2') in 0.053041 seconds
  Import took 0.056760 seconds .

========================================================================
Received Import Request.
  Time since last request: 1118.139882 seconds.
  path: Assets/Editor
  artifactKey: Guid(b0c2701d41e29574c8c823d6d3a56380) Importer(815301076,1909f56bfc062723c751e8b465ee728b)
Start importing Assets/Editor using Guid(b0c2701d41e29574c8c823d6d3a56380) Importer(815301076,1909f56bfc062723c751e8b465ee728b)  -> (artifact id: '546dae5b89371382f4b01a27a4ff1a53') in 0.011345 seconds
  Import took 0.016766 seconds .

========================================================================
Received Import Request.
  Time since last request: 1.805039 seconds.
  path: Assets/Editor/TagSelectorPropertydrawer.cs
  artifactKey: Guid(4cb1594606284034da6f3366845dd88d) Importer(815301076,1909f56bfc062723c751e8b465ee728b)
Start importing Assets/Editor/TagSelectorPropertydrawer.cs using Guid(4cb1594606284034da6f3366845dd88d) Importer(815301076,1909f56bfc062723c751e8b465ee728b)  -> (artifact id: '44b2ea6cdcb2efa6f6d6a458c71acfa3') in 0.008958 seconds
  Import took 0.012795 seconds .

========================================================================
Received Import Request.
  Time since last request: 177.339665 seconds.
  path: Assets/Animations/Enemy/ChomperController.controller
  artifactKey: Guid(5570a5ceae895304da6624d68933a4bd) Importer(815301076,1909f56bfc062723c751e8b465ee728b)
Start importing Assets/Animations/Enemy/ChomperController.controller using Guid(5570a5ceae895304da6624d68933a4bd) Importer(815301076,1909f56bfc062723c751e8b465ee728b)  -> (artifact id: '1f819b37d394ec1daa4b6a28988bdab0') in 0.046560 seconds
  Import took 0.050854 seconds .

========================================================================
Received Import Request.
  Time since last request: 0.228513 seconds.
  path: Assets/Animations/Enemy/ChomperController.controller
  artifactKey: Guid(5570a5ceae895304da6624d68933a4bd) Importer(815301076,1909f56bfc062723c751e8b465ee728b)
Start importing Assets/Animations/Enemy/ChomperController.controller using Guid(5570a5ceae895304da6624d68933a4bd) Importer(815301076,1909f56bfc062723c751e8b465ee728b)  -> (artifact id: '1f819b37d394ec1daa4b6a28988bdab0') in 0.006460 seconds
  Import took 0.011780 seconds .

AssetImportWorkerClient::OnTransportError - code=2 error=End of file
